Requirement already satisfied: streamlit in ./ocr/.venv/lib/python3.12/site-packages (1.28.1)
Requirement already satisfied: fastapi==0.104.1 in ./ocr/.venv/lib/python3.12/site-packages (from -r /home/ubuntu/ocr/requirements.txt (line 2)) (0.104.1)
Requirement already satisfied: uvicorn==0.24.0 in ./ocr/.venv/lib/python3.12/site-packages (from uvicorn[standard]==0.24.0->-r /home/ubuntu/ocr/requirements.txt (line 3)) (0.24.0)
Requirement already satisfied: boto3==1.34.0 in ./ocr/.venv/lib/python3.12/site-packages (from -r /home/ubuntu/ocr/requirements.txt (line 4)) (1.34.0)
Requirement already satisfied: requests==2.31.0 in ./ocr/.venv/lib/python3.12/site-packages (from -r /home/ubuntu/ocr/requirements.txt (line 5)) (2.31.0)
Requirement already satisfied: python-multipart==0.0.6 in ./ocr/.venv/lib/python3.12/site-packages (from -r /home/ubuntu/ocr/requirements.txt (line 6)) (0.0.6)
Requirement already satisfied: streamlit-extras==0.3.5 in ./ocr/.venv/lib/python3.12/site-packages (from -r /home/ubuntu/ocr/requirements.txt (line 7)) (0.3.5)
Requirement already satisfied: python-docx==1.1.0 in ./ocr/.venv/lib/python3.12/site-packages (from -r /home/ubuntu/ocr/requirements.txt (line 8)) (1.1.0)
Requirement already satisfied: click>=7.0 in ./ocr/.venv/lib/python3.12/site-packages (from uvicorn[standard]) (8.2.1)
Requirement already satisfied: h11>=0.8 in ./ocr/.venv/lib/python3.12/site-packages (from uvicorn[standard]) (0.16.0)
Requirement already satisfied: httptools>=0.5.0 in ./ocr/.venv/lib/python3.12/site-packages (from uvicorn[standard]) (0.6.4)
Requirement already satisfied: python-dotenv>=0.13 in ./ocr/.venv/lib/python3.12/site-packages (from uvicorn[standard]) (1.1.1)
Requirement already satisfied: pyyaml>=5.1 in ./ocr/.venv/lib/python3.12/site-packages (from uvicorn[standard]) (6.0.1)
Requirement already satisfied: uvloop!=0.15.0,!=0.15.1,>=0.14.0 in ./ocr/.venv/lib/python3.12/site-packages (from uvicorn[standard]) (0.21.0)
Requirement already satisfied: watchfiles>=0.13 in ./ocr/.venv/lib/python3.12/site-packages (from uvicorn[standard]) (1.1.0)
Requirement already satisfied: websockets>=10.4 in ./ocr/.venv/lib/python3.12/site-packages (from uvicorn[standard]) (15.0.1)
Requirement already satisfied: altair<6,>=4.0 in ./ocr/.venv/lib/python3.12/site-packages (from streamlit) (5.5.0)
Requirement already satisfied: blinker<2,>=1.0.0 in ./ocr/.venv/lib/python3.12/site-packages (from streamlit) (1.9.0)
Requirement already satisfied: cachetools<6,>=4.0 in ./ocr/.venv/lib/python3.12/site-packages (from streamlit) (5.5.2)
Requirement already satisfied: importlib-metadata<7,>=1.4 in ./ocr/.venv/lib/python3.12/site-packages (from streamlit) (6.11.0)
Requirement already satisfied: numpy<2,>=1.19.3 in ./ocr/.venv/lib/python3.12/site-packages (from streamlit) (1.26.4)
Requirement already satisfied: packaging<24,>=16.8 in ./ocr/.venv/lib/python3.12/site-packages (from streamlit) (23.2)
Requirement already satisfied: pandas<3,>=1.3.0 in ./ocr/.venv/lib/python3.12/site-packages (from streamlit) (2.3.2)
Requirement already satisfied: pillow<11,>=7.1.0 in ./ocr/.venv/lib/python3.12/site-packages (from streamlit) (10.4.0)
Requirement already satisfied: protobuf<5,>=3.20 in ./ocr/.venv/lib/python3.12/site-packages (from streamlit) (4.25.8)
Requirement already satisfied: pyarrow>=6.0 in ./ocr/.venv/lib/python3.12/site-packages (from streamlit) (21.0.0)
Requirement already satisfied: python-dateutil<3,>=2.7.3 in ./ocr/.venv/lib/python3.12/site-packages (from streamlit) (2.9.0.post0)
Requirement already satisfied: rich<14,>=10.14.0 in ./ocr/.venv/lib/python3.12/site-packages (from streamlit) (13.9.4)
Requirement already satisfied: tenacity<9,>=8.1.0 in ./ocr/.venv/lib/python3.12/site-packages (from streamlit) (8.5.0)
Requirement already satisfied: toml<2,>=0.10.1 in ./ocr/.venv/lib/python3.12/site-packages (from streamlit) (0.10.2)
Requirement already satisfied: typing-extensions<5,>=4.3.0 in ./ocr/.venv/lib/python3.12/site-packages (from streamlit) (4.15.0)
Requirement already satisfied: tzlocal<6,>=1.1 in ./ocr/.venv/lib/python3.12/site-packages (from streamlit) (5.3.1)
Requirement already satisfied: validators<1,>=0.2 in ./ocr/.venv/lib/python3.12/site-packages (from streamlit) (0.35.0)
Requirement already satisfied: gitpython!=3.1.19,<4,>=3.0.7 in ./ocr/.venv/lib/python3.12/site-packages (from streamlit) (3.1.45)
Requirement already satisfied: pydeck<1,>=0.8.0b4 in ./ocr/.venv/lib/python3.12/site-packages (from streamlit) (0.9.1)
Requirement already satisfied: tornado<7,>=6.0.3 in ./ocr/.venv/lib/python3.12/site-packages (from streamlit) (6.5.2)
Requirement already satisfied: watchdog>=2.1.5 in ./ocr/.venv/lib/python3.12/site-packages (from streamlit) (6.0.0)
Requirement already satisfied: charset-normalizer<4,>=2 in ./ocr/.venv/lib/python3.12/site-packages (from requests==2.31.0->-r /home/ubuntu/ocr/requirements.txt (line 5)) (3.4.3)
Requirement already satisfied: idna<4,>=2.5 in ./ocr/.venv/lib/python3.12/site-packages (from requests==2.31.0->-r /home/ubuntu/ocr/requirements.txt (line 5)) (3.10)
Requirement already satisfied: urllib3<3,>=1.21.1 in ./ocr/.venv/lib/python3.12/site-packages (from requests==2.31.0->-r /home/ubuntu/ocr/requirements.txt (line 5)) (2.5.0)
Requirement already satisfied: certifi>=2017.4.17 in ./ocr/.venv/lib/python3.12/site-packages (from requests==2.31.0->-r /home/ubuntu/ocr/requirements.txt (line 5)) (2025.8.3)
Requirement already satisfied: anyio<4.0.0,>=3.7.1 in ./ocr/.venv/lib/python3.12/site-packages (from fastapi==0.104.1->-r /home/ubuntu/ocr/requirements.txt (line 2)) (3.7.1)
Requirement already satisfied: pydantic!=1.8,!=1.8.1,!=2.0.0,!=2.0.1,!=2.1.0,<3.0.0,>=1.7.4 in ./ocr/.venv/lib/python3.12/site-packages (from fastapi==0.104.1->-r /home/ubuntu/ocr/requirements.txt (line 2)) (2.11.7)
Requirement already satisfied: starlette<0.28.0,>=0.27.0 in ./ocr/.venv/lib/python3.12/site-packages (from fastapi==0.104.1->-r /home/ubuntu/ocr/requirements.txt (line 2)) (0.27.0)
Requirement already satisfied: botocore<1.35.0,>=1.34.0 in ./ocr/.venv/lib/python3.12/site-packages (from boto3==1.34.0->-r /home/ubuntu/ocr/requirements.txt (line 4)) (1.34.162)
Requirement already satisfied: jmespath<2.0.0,>=0.7.1 in ./ocr/.venv/lib/python3.12/site-packages (from boto3==1.34.0->-r /home/ubuntu/ocr/requirements.txt (line 4)) (1.0.1)
Requirement already satisfied: s3transfer<0.10.0,>=0.9.0 in ./ocr/.venv/lib/python3.12/site-packages (from boto3==1.34.0->-r /home/ubuntu/ocr/requirements.txt (line 4)) (0.9.0)
Requirement already satisfied: entrypoints>=0.4 in ./ocr/.venv/lib/python3.12/site-packages (from streamlit-extras==0.3.5->-r /home/ubuntu/ocr/requirements.txt (line 7)) (0.4)
Requirement already satisfied: htbuilder>=0.6.2 in ./ocr/.venv/lib/python3.12/site-packages (from streamlit-extras==0.3.5->-r /home/ubuntu/ocr/requirements.txt (line 7)) (0.9.0)
Requirement already satisfied: markdownlit>=0.0.5 in ./ocr/.venv/lib/python3.12/site-packages (from streamlit-extras==0.3.5->-r /home/ubuntu/ocr/requirements.txt (line 7)) (0.0.7)
Requirement already satisfied: st-annotated-text>=3.0.0 in ./ocr/.venv/lib/python3.12/site-packages (from streamlit-extras==0.3.5->-r /home/ubuntu/ocr/requirements.txt (line 7)) (4.0.2)
Requirement already satisfied: streamlit-camera-input-live>=0.2.0 in ./ocr/.venv/lib/python3.12/site-packages (from streamlit-extras==0.3.5->-r /home/ubuntu/ocr/requirements.txt (line 7)) (0.2.0)
Requirement already satisfied: streamlit-card>=0.0.4 in ./ocr/.venv/lib/python3.12/site-packages (from streamlit-extras==0.3.5->-r /home/ubuntu/ocr/requirements.txt (line 7)) (1.0.2)
Requirement already satisfied: streamlit-embedcode>=0.1.2 in ./ocr/.venv/lib/python3.12/site-packages (from streamlit-extras==0.3.5->-r /home/ubuntu/ocr/requirements.txt (line 7)) (0.1.2)
Requirement already satisfied: streamlit-faker>=0.0.2 in ./ocr/.venv/lib/python3.12/site-packages (from streamlit-extras==0.3.5->-r /home/ubuntu/ocr/requirements.txt (line 7)) (0.0.4)
Requirement already satisfied: streamlit-image-coordinates<0.2.0,>=0.1.1 in ./ocr/.venv/lib/python3.12/site-packages (from streamlit-extras==0.3.5->-r /home/ubuntu/ocr/requirements.txt (line 7)) (0.1.9)
Requirement already satisfied: streamlit-keyup>=0.1.9 in ./ocr/.venv/lib/python3.12/site-packages (from streamlit-extras==0.3.5->-r /home/ubuntu/ocr/requirements.txt (line 7)) (0.3.0)
Requirement already satisfied: streamlit-toggle-switch>=1.0.2 in ./ocr/.venv/lib/python3.12/site-packages (from streamlit-extras==0.3.5->-r /home/ubuntu/ocr/requirements.txt (line 7)) (1.0.2)
Requirement already satisfied: streamlit-vertical-slider>=1.0.2 in ./ocr/.venv/lib/python3.12/site-packages (from streamlit-extras==0.3.5->-r /home/ubuntu/ocr/requirements.txt (line 7)) (2.5.5)
Requirement already satisfied: lxml>=3.1.0 in ./ocr/.venv/lib/python3.12/site-packages (from python-docx==1.1.0->-r /home/ubuntu/ocr/requirements.txt (line 8)) (6.0.1)
Requirement already satisfied: jinja2 in ./ocr/.venv/lib/python3.12/site-packages (from altair<6,>=4.0->streamlit) (3.1.6)
Requirement already satisfied: jsonschema>=3.0 in ./ocr/.venv/lib/python3.12/site-packages (from altair<6,>=4.0->streamlit) (4.25.1)
Requirement already satisfied: narwhals>=1.14.2 in ./ocr/.venv/lib/python3.12/site-packages (from altair<6,>=4.0->streamlit) (2.4.0)
Requirement already satisfied: sniffio>=1.1 in ./ocr/.venv/lib/python3.12/site-packages (from anyio<4.0.0,>=3.7.1->fastapi==0.104.1->-r /home/ubuntu/ocr/requirements.txt (line 2)) (1.3.1)
Requirement already satisfied: gitdb<5,>=4.0.1 in ./ocr/.venv/lib/python3.12/site-packages (from gitpython!=3.1.19,<4,>=3.0.7->streamlit) (4.0.12)
Requirement already satisfied: smmap<6,>=3.0.1 in ./ocr/.venv/lib/python3.12/site-packages (from gitdb<5,>=4.0.1->gitpython!=3.1.19,<4,>=3.0.7->streamlit) (5.0.2)
Requirement already satisfied: zipp>=0.5 in ./ocr/.venv/lib/python3.12/site-packages (from importlib-metadata<7,>=1.4->streamlit) (3.23.0)
Requirement already satisfied: pytz>=2020.1 in ./ocr/.venv/lib/python3.12/site-packages (from pandas<3,>=1.3.0->streamlit) (2025.2)
Requirement already satisfied: tzdata>=2022.7 in ./ocr/.venv/lib/python3.12/site-packages (from pandas<3,>=1.3.0->streamlit) (2025.2)
Requirement already satisfied: annotated-types>=0.6.0 in ./ocr/.venv/lib/python3.12/site-packages (from pydantic!=1.8,!=1.8.1,!=2.0.0,!=2.0.1,!=2.1.0,<3.0.0,>=1.7.4->fastapi==0.104.1->-r /home/ubuntu/ocr/requirements.txt (line 2)) (0.7.0)
Requirement already satisfied: pydantic-core==2.33.2 in ./ocr/.venv/lib/python3.12/site-packages (from pydantic!=1.8,!=1.8.1,!=2.0.0,!=2.0.1,!=2.1.0,<3.0.0,>=1.7.4->fastapi==0.104.1->-r /home/ubuntu/ocr/requirements.txt (line 2)) (2.33.2)
Requirement already satisfied: typing-inspection>=0.4.0 in ./ocr/.venv/lib/python3.12/site-packages (from pydantic!=1.8,!=1.8.1,!=2.0.0,!=2.0.1,!=2.1.0,<3.0.0,>=1.7.4->fastapi==0.104.1->-r /home/ubuntu/ocr/requirements.txt (line 2)) (0.4.1)
Requirement already satisfied: six>=1.5 in ./ocr/.venv/lib/python3.12/site-packages (from python-dateutil<3,>=2.7.3->streamlit) (1.17.0)
Requirement already satisfied: markdown-it-py>=2.2.0 in ./ocr/.venv/lib/python3.12/site-packages (from rich<14,>=10.14.0->streamlit) (4.0.0)
Requirement already satisfied: pygments<3.0.0,>=2.13.0 in ./ocr/.venv/lib/python3.12/site-packages (from rich<14,>=10.14.0->streamlit) (2.19.2)
Requirement already satisfied: MarkupSafe>=2.0 in ./ocr/.venv/lib/python3.12/site-packages (from jinja2->altair<6,>=4.0->streamlit) (3.0.2)
Requirement already satisfied: attrs>=22.2.0 in ./ocr/.venv/lib/python3.12/site-packages (from jsonschema>=3.0->altair<6,>=4.0->streamlit) (25.3.0)
Requirement already satisfied: jsonschema-specifications>=2023.03.6 in ./ocr/.venv/lib/python3.12/site-packages (from jsonschema>=3.0->altair<6,>=4.0->streamlit) (2025.9.1)
Requirement already satisfied: referencing>=0.28.4 in ./ocr/.venv/lib/python3.12/site-packages (from jsonschema>=3.0->altair<6,>=4.0->streamlit) (0.36.2)
Requirement already satisfied: rpds-py>=0.7.1 in ./ocr/.venv/lib/python3.12/site-packages (from jsonschema>=3.0->altair<6,>=4.0->streamlit) (0.27.1)
Requirement already satisfied: mdurl~=0.1 in ./ocr/.venv/lib/python3.12/site-packages (from markdown-it-py>=2.2.0->rich<14,>=10.14.0->streamlit) (0.1.2)
Requirement already satisfied: markdown in ./ocr/.venv/lib/python3.12/site-packages (from markdownlit>=0.0.5->streamlit-extras==0.3.5->-r /home/ubuntu/ocr/requirements.txt (line 7)) (3.9)
Requirement already satisfied: favicon in ./ocr/.venv/lib/python3.12/site-packages (from markdownlit>=0.0.5->streamlit-extras==0.3.5->-r /home/ubuntu/ocr/requirements.txt (line 7)) (0.7.0)
Requirement already satisfied: pymdown-extensions in ./ocr/.venv/lib/python3.12/site-packages (from markdownlit>=0.0.5->streamlit-extras==0.3.5->-r /home/ubuntu/ocr/requirements.txt (line 7)) (10.16.1)
Requirement already satisfied: altex>=0.2.0 in ./ocr/.venv/lib/python3.12/site-packages (from streamlit-faker>=0.0.2->streamlit-extras==0.3.5->-r /home/ubuntu/ocr/requirements.txt (line 7)) (0.2.0)
Requirement already satisfied: faker in ./ocr/.venv/lib/python3.12/site-packages (from streamlit-faker>=0.0.2->streamlit-extras==0.3.5->-r /home/ubuntu/ocr/requirements.txt (line 7)) (37.6.0)
Requirement already satisfied: matplotlib in ./ocr/.venv/lib/python3.12/site-packages (from streamlit-faker>=0.0.2->streamlit-extras==0.3.5->-r /home/ubuntu/ocr/requirements.txt (line 7)) (3.10.6)
Requirement already satisfied: beautifulsoup4>=4.7.0 in ./ocr/.venv/lib/python3.12/site-packages (from favicon->markdownlit>=0.0.5->streamlit-extras==0.3.5->-r /home/ubuntu/ocr/requirements.txt (line 7)) (4.13.5)
Requirement already satisfied: soupsieve>1.2 in ./ocr/.venv/lib/python3.12/site-packages (from beautifulsoup4>=4.7.0->favicon->markdownlit>=0.0.5->streamlit-extras==0.3.5->-r /home/ubuntu/ocr/requirements.txt (line 7)) (2.8)
Requirement already satisfied: contourpy>=1.0.1 in ./ocr/.venv/lib/python3.12/site-packages (from matplotlib->streamlit-faker>=0.0.2->streamlit-extras==0.3.5->-r /home/ubuntu/ocr/requirements.txt (line 7)) (1.3.3)
Requirement already satisfied: cycler>=0.10 in ./ocr/.venv/lib/python3.12/site-packages (from matplotlib->streamlit-faker>=0.0.2->streamlit-extras==0.3.5->-r /home/ubuntu/ocr/requirements.txt (line 7)) (0.12.1)
Requirement already satisfied: fonttools>=4.22.0 in ./ocr/.venv/lib/python3.12/site-packages (from matplotlib->streamlit-faker>=0.0.2->streamlit-extras==0.3.5->-r /home/ubuntu/ocr/requirements.txt (line 7)) (4.59.2)
Requirement already satisfied: kiwisolver>=1.3.1 in ./ocr/.venv/lib/python3.12/site-packages (from matplotlib->streamlit-faker>=0.0.2->streamlit-extras==0.3.5->-r /home/ubuntu/ocr/requirements.txt (line 7)) (1.4.9)
Requirement already satisfied: pyparsing>=2.3.1 in ./ocr/.venv/lib/python3.12/site-packages (from matplotlib->streamlit-faker>=0.0.2->streamlit-extras==0.3.5->-r /home/ubuntu/ocr/requirements.txt (line 7)) (3.2.3)
